make.exe all --print-data-base --no-builtin-variables --no-builtin-rules --question
# GNU Make 3.81
# Copyright (C) 2006  Free Software Foundation, Inc.
# This is free software; see the source for copying conditions.
# There is NO warranty; not even for MERCHANTABILITY or FITNESS FOR A
# PARTICULAR PURPOSE.

# This program built for i386-pc-mingw32
 

# Make data base, di tampilkan pada Sat Jun 11 17:37:39 2022

# Variabel

# otomatis
<D = $(patsubst %/,%,$(dir $<))
# otomatis
?F = $(notdir $?)
# makefile
MAKEFLAGS = Rrqp
# environment
VSCODE_LOG_NATIVE = false
# otomatis
?D = $(patsubst %/,%,$(dir $?))
# otomatis
@D = $(patsubst %/,%,$(dir $@))
# environment
HOMEDRIVE = C:
# otomatis
@F = $(notdir $@)
# otomatis
^D = $(patsubst %/,%,$(dir $^))
# makefile
CURDIR := c:/Users/ASUS/Documents/GitHub/Proglan-Siakad_Pt2
# default
SHELL := sh.exe
# environment
WINDIR = C:\Windows
# environment
VSCODE_NLS_CONFIG = {"locale":"en-us","availableLanguages":{},"_languagePackSupport":true}
# environment
VBOX_MSI_INSTALL_PATH = C:\Program Files\Oracle\VirtualBox\
# environment
ONEDRIVE = C:\Users\ASUS\OneDrive
# environment
PATHEXT = .COM;.EXE;.BAT;.CMD;.VBS;.VBE;.JS;.JSE;.WSF;.WSH;.MSC
# makefile (from `makefile', line 1)
MAKEFILE_LIST :=  makefile
# environment
TMP = C:\Users\ASUS\AppData\Local\Temp
# makefile (from `makefile', line 3)
SOURCES = src/main.cpp src/person.cpp src/mahasiswa.cpp src/dosen.cpp src/tendik.cpp src/matakuliah.cpp
# makefile (from `makefile', line 2)
CXXFLAGS = --std=c++17 -O3 -Wall -Wextra -I.
# environment
VSCODE_VERBOSE_LOGGING = true
# environment
PROGRAMW6432 = C:\Program Files
# environment
PROGRAMDATA = C:\ProgramData
# environment
VSCODE_IPC_HOOK_EXTHOST = \\.\pipe\vscode-ipc-74ecfe46-6711-4d5b-8efb-b7877c637b04-sock
# environment
VSCODE_CWD = C:\Users\ASUS\AppData\Local\Programs\Microsoft VS Code
# environment
PATH = C:\Windows\system32;C:\Windows;C:\Windows\System32\Wbem;C:\Windows\System32\WindowsPowerShell\v1.0\;C:\Windows\System32\OpenSSH\;C:\Program Files (x86)\NVIDIA Corporation\PhysX\Common;C:\Program Files\NVIDIA Corporation\NVIDIA NvDLISR;C:\MinGW\bin;C:\Program Files (x86)\GnuWin32\bin;C:\Users\ASUS\AppData\Local\Programs\Python\Python310\Scripts\;C:\Users\ASUS\AppData\Local\Programs\Python\Python310\;C:\Users\ASUS\AppData\Local\Microsoft\WindowsApps;C:\MinGW\bin;C:\Users\ASUS\AppData\Local\GitHubDesktop\bin;C:\Program Files (x86 
)\GnuWin32\bin;C:\Users\ASUS\AppData\Local\Programs\Microsoft VS Code\bin
# environment
COMMONPROGRAMW6432 = C:\Program Files\Common Files
# environment
ZES_ENABLE_SYSMAN = 1
# environment
PROCESSOR_ARCHITECTURE = x86
# environment
USERPROFILE = C:\Users\ASUS
# environment
ALLUSERSPROFILE = C:\ProgramData
# environment
VSCODE_LOG_STACK = false
# environment
NUMBER_OF_PROCESSORS = 8
# environment
ELECTRON_RUN_AS_NODE = 1
# default
.FEATURES := target-specific order-only second-expansion else-if archives
# otomatis
%F = $(notdir $%)
# environment
CHROME_CRASHPAD_PIPE_NAME = \\.\pipe\crashpad_9464_RKXQCSTBPYYTBAPK
# environment
VSCODE_PIPE_LOGGING = true
# environment
COMPUTERNAME = LAPTOP-50FK9FB1
# environment
PROGRAMFILES = C:\Program Files (x86)
# environment
DRIVERDATA = C:\Windows\System32\Drivers\DriverData
# environment
ORIGINAL_XDG_CURRENT_DESKTOP = undefined
# environment
USERNAME = SENDY PRISMANA
# environment
PUBLIC = C:\Users\Public
# environment
VSCODE_AMD_ENTRYPOINT = vs/workbench/api/node/extensionHostProcess
# environment
VSCODE_CODE_CACHE_PATH = C:\Users\ASUS\AppData\Roaming\Code\CachedData\4af164ea3a06f701fe3e89a2bcbb421d2026b68f
# environment
APPLICATION_INSIGHTS_NO_DIAGNOSTIC_CHANNEL = 1
# environment
COMMONPROGRAMFILES = C:\Program Files (x86)\Common Files
# environment
LOGONSERVER = \\LAPTOP-50FK9FB1
# environment
ONEDRIVECONSUMER = C:\Users\ASUS\OneDrive
# environment
VSCODE_HANDLES_UNCAUGHT_ERRORS = true
# environment
USERDOMAIN = LAPTOP-50FK9FB1
# default
MAKE = $(MAKE_COMMAND)
# default
MAKECMDGOALS := all
# default
MAKE_VERSION := 3.81
# makefile
.DEFAULT_GOAL := sim
# environment
PROGRAMFILES(X86) = C:\Program Files (x86)
# otomatis
%D = $(patsubst %/,%,$(dir $%))
# environment
LOCALAPPDATA = C:\Users\ASUS\AppData\Local
# environment
PSMODULEPATH = C:\Program Files\WindowsPowerShell\Modules;C:\Windows\system32\WindowsPowerShell\v1.0\Modules
# default
MAKE_COMMAND := make.exe
# environment
PROCESSOR_ARCHITEW6432 = AMD64
# default
.VARIABLES := 
# otomatis
*F = $(notdir $*)
# environment
PROCESSOR_IDENTIFIER = Intel64 Family 6 Model 140 Stepping 1, GenuineIntel
# environment
OS = Windows_NT
# environment
VSCODE_IPC_HOOK = \\.\pipe\91424adb9bf4556c76f3f7464c71b567-1.68.0-main-sock
# environment
HOMEPATH = \Users\ASUS
# environment
COMMONPROGRAMFILES(X86) = C:\Program Files (x86)\Common Files
# environment
PROMPT = $P$G
# environment
MFLAGS = -Rrqp
# otomatis
*D = $(patsubst %/,%,$(dir $*))
# environment
SYSTEMROOT = C:\Windows
# otomatis
+D = $(patsubst %/,%,$(dir $+))
# otomatis
+F = $(notdir $+)
# environment
APPDATA = C:\Users\ASUS\AppData\Roaming
# environment
TEMP = C:\Users\ASUS\AppData\Local\Temp
# environment
COMSPEC = C:\Windows\system32\cmd.exe
# default
MAKEFILES := 
# otomatis
<F = $(notdir $<)
# makefile (from `makefile', line 1)
CXX = g++ 
# environment
LC_ALL = C
# otomatis
^F = $(notdir $^)
# default
SUFFIXES := 
# environment
SYSTEMDRIVE = C:
# environment
SESSIONNAME = Console
# environment
PROCESSOR_REVISION = 8c01
# environment
MAKELEVEL := 0
# environment
LANG = C
# environment
PROCESSOR_LEVEL = 6
# environment
VSCODE_PID = 9464
# environment
USERDOMAIN_ROAMINGPROFILE = LAPTOP-50FK9FB1
# variable set hash-table stats:
# Load=92/1024=9%, Rehash=0, Collisions=9/115=8%

# Pattern-specific Variable Values

# Tidak terdapat nilai variabel pattern-specific

# Direktori

# C:\Users\ASUS\AppData\Local\GitHubDesktop\bin (key C:/Users/ASUS/AppData/Local/GitHubDesktop/bin, mtime 1649386391): 4 files, tidak tidak mungkin.
# C:\Windows\System32\WindowsPowerShell\v1.0\ (key C:/Windows/System32/WindowsPowerShell/v1.0/, mtime 1634087115): 30 files, tidak tidak mungkin.
# C:\Windows\System32\Wbem (key C:/Windows/System32/Wbem, mtime 1646994033): 154 files, tidak tidak mungkin.
# . (key c:/Users/ASUS/Documents/GitHub/Proglan-Siakad_Pt2, mtime 1654938205): 9 files, tidak tidak mungkin.
# C:\Program Files (x86)\NVIDIA Corporation\PhysX\Common (key C:/Program Files (x86)/NVIDIA Corporation/PhysX/Common, mtime 1628557406): 10 files, tidak tidak mungkin.
# C:\MinGW\bin (key C:/MinGW/bin, mtime 1649386728): 145 files, tidak tidak mungkin.
# C:\Windows\System32\OpenSSH\: tidak dapat melihat statistik.
# C:\Windows (key C:/Windows, mtime 1652793667): 131 files, tidak tidak mungkin.
# C:\Users\ASUS\AppData\Local\Programs\Python\Python310\ (key C:/Users/ASUS/AppData/Local/Programs/Python/Python310/, mtime 1652793697): 18 files, tidak tidak mungkin.
# src (key c:/Users/ASUS/Documents/GitHub/Proglan-Siakad_Pt2/src, mtime 1654938165): Tidak files, tidak tidak mungkin sejauh ini.
# C:\Users\ASUS\AppData\Local\Microsoft\WindowsApps (key C:/Users/ASUS/AppData/Local/Microsoft/WindowsApps, mtime 1653910776): 19 files, tidak tidak mungkin.
# C:\Users\ASUS\AppData\Local\Programs\Python\Python310\Scripts\ (key C:/Users/ASUS/AppData/Local/Programs/Python/Python310/Scripts/, mtime 1652793697): 5 files, tidak tidak mungkin.
# C:\Users\ASUS\AppData\Local\Programs\Microsoft VS Code\bin (key C:/Users/ASUS/AppData/Local/Programs/Microsoft VS Code/bin, mtime 1654860268): 4 files, tidak tidak mungkin.
# C:\Windows\system32 (key C:/Windows/system32, mtime 1654634923): 2852 files, tidak tidak mungkin.
# C:\Program Files\NVIDIA Corporation\NVIDIA NvDLISR (key C:/Program Files/NVIDIA Corporation/NVIDIA NvDLISR, mtime 1628557413): 5 files, tidak tidak mungkin.
# C:\Program Files (x86)\GnuWin32\bin (key C:/Program Files (x86)/GnuWin32/bin, mtime 1649424394): 5 files, tidak tidak mungkin.

# 3391 files, tidak impossibilities in 16 directories.

# Implicit Rules

src/%.o: src/%.cpp
# perintah dijalankan (dari `makefile', baris 6):
	$(CXX) $(CXXFLAGS) -c -o $@ $<
	

# 1 aturan implisit, 0 (0,0%) terminal.

# Files

# Bukan sebuah target:
all:
#  Command-line target.
#  Pencarian aturan implisit sudah selesai.
#  File tidak ada.
#  File belum di-update.
# variable set hash-table stats:
# Load=0/32=0%, Rehash=0, Collisions=0/0=0%

# Bukan sebuah target:
src/main.o:
#  Pencarian aturan implisit belum selesai.
#  Waktu ubah sudah di check.
#  File belum di-update.

# Bukan sebuah target:
.DEFAULT:
#  Pencarian aturan implisit belum selesai.
#  Waktu ubah sudah di check.
#  File belum di-update.

# Bukan sebuah target:
src/matakuliah.o:
#  Pencarian aturan implisit belum selesai.
#  Waktu ubah sudah di check.
#  File belum di-update.

# Bukan sebuah target:
src/person.o:
#  Pencarian aturan implisit belum selesai.
#  Waktu ubah sudah di check.
#  File belum di-update.

# Bukan sebuah target:
makefile:
#  Pencarian aturan implisit sudah selesai.
#  Terakhir dimodifikasi pada 2022-06-11 13:45:59
#  File sudah diupdate.
#  Sukses mengupdate.
# variable set hash-table stats:
# Load=0/32=0%, Rehash=0, Collisions=0/0=0%

# Bukan sebuah target:
src/tendik.o:
#  Pencarian aturan implisit belum selesai.
#  Waktu ubah sudah di check.
#  File belum di-update.

# Bukan sebuah target:
.SUFFIXES:
#  Pencarian aturan implisit belum selesai.
#  Waktu ubah sudah di check.
#  File belum di-update.

sim: src/main.o src/person.o src/mahasiswa.o src/dosen.o src/tendik.o src/matakuliah.o
#  Pencarian aturan implisit belum selesai.
#  Waktu ubah sudah di check.
#  File belum di-update.
# perintah dijalankan (dari `makefile', baris 9):
	$(CXX) $(CXXFLAGS) -o $@ $^
	

# Bukan sebuah target:
src/dosen.o:
#  Pencarian aturan implisit belum selesai.
#  Waktu ubah sudah di check.
#  File belum di-update.

# Bukan sebuah target:
src/mahasiswa.o:
#  Pencarian aturan implisit belum selesai.
#  Waktu ubah sudah di check.
#  File belum di-update.

# files hash-table stats:
# Load=11/1024=1%, Rehash=0, Collisions=0/28=0%
# VPATH Jalur Pencarian

# Tidak ada `vpath' dalam jalur pencarian.

# Tidak ada (`VPATH' variabel) yang umum dalam jalur pencarian.

# # of strings in strcache: 1
# # of strcache buffers: 1
# strcache size: total = 4096 / max = 4096 / min = 4096 / avg = 4096
# strcache free: total = 4087 / max = 4087 / min = 4087 / avg = 4087

# Selesai membuat Make data base pada Sat Jun 11 17:37:39 2022

 
make.exe: *** Tidak terdapat aturan untuk membuat target `all'. Berhenti.

